0 verbose cli D:\softwires\node\node.exe D:\softwires\node\node_modules\npm\bin\npm-cli.js
1 info using npm@11.9.0
2 info using node@v25.6.1
3 silly config load:file:D:\softwires\node\node_modules\npm\npmrc
4 silly config load:file:D:\buaa_study\second_year_2\科研课堂\metatensor-main\.npmrc
5 silly config load:file:C:\Users\legion\.npmrc
6 silly config load:file:D:\softwires\node\node_global\etc\npmrc
7 verbose title npm exec petdex@latest doctor
8 verbose argv "exec" "--cache" ".\\.npm-cache" "--" "petdex@latest" "doctor"
9 verbose logfile logs-max:10 dir:D:\buaa_study\second_year_2\科研课堂\metatensor-main\.npm-cache\_logs\2026-06-16T14_00_27_208Z-
10 verbose logfile D:\buaa_study\second_year_2\科研课堂\metatensor-main\.npm-cache\_logs\2026-06-16T14_00_27_208Z-debug-0.log
11 silly logfile done cleaning log files
12 silly packumentCache heap:4496293888 maxSize:1124073472 maxEntrySize:562036736
13 http fetch GET 200 https://registry.npmmirror.com/petdex 61ms (cache revalidated)
14 silly packumentCache heap:4496293888 maxSize:1124073472 maxEntrySize:562036736
15 silly packumentCache heap:4496293888 maxSize:1124073472 maxEntrySize:562036736
16 warn exec The following package was not found and will be installed: petdex@0.4.3
17 silly idealTree buildDeps
18 silly fetch manifest petdex@0.4.3
19 silly packumentCache full:https://registry.npmmirror.com/petdex cache-miss
20 http cache https://registry.npmmirror.com/petdex 4ms (cache hit)
21 silly packumentCache full:https://registry.npmmirror.com/petdex set size:44569 disposed:false
22 silly placeDep ROOT petdex@0.4.3 OK for:  want: 0.4.3
23 silly fetch manifest @clack/prompts@^1.3.0
24 silly packumentCache full:https://registry.npmmirror.com/@clack%2fprompts cache-miss
25 silly fetch manifest jszip@^3.10.1
26 silly packumentCache full:https://registry.npmmirror.com/jszip cache-miss
27 silly fetch manifest picocolors@^1.1.1
28 silly packumentCache full:https://registry.npmmirror.com/picocolors cache-miss
29 silly fetch manifest @napi-rs/keyring@^1.1.6
30 silly packumentCache full:https://registry.npmmirror.com/@napi-rs%2fkeyring cache-miss
31 http cache https://registry.npmmirror.com/@napi-rs%2fkeyring 8ms (cache hit)
32 silly packumentCache full:https://registry.npmmirror.com/@napi-rs%2fkeyring set size:68162 disposed:false
33 http cache https://registry.npmmirror.com/@clack%2fprompts 11ms (cache hit)
34 silly packumentCache full:https://registry.npmmirror.com/@clack%2fprompts set size:176360 disposed:false
35 http cache https://registry.npmmirror.com/picocolors 12ms (cache hit)
36 silly packumentCache full:https://registry.npmmirror.com/picocolors set size:15692 disposed:false
37 http cache https://registry.npmmirror.com/jszip 14ms (cache hit)
38 silly packumentCache full:https://registry.npmmirror.com/jszip set size:87652 disposed:false
39 silly placeDep ROOT @clack/prompts@1.5.1 OK for: petdex@0.4.3 want: ^1.3.0
40 silly placeDep ROOT @napi-rs/keyring@1.3.0 OK for: petdex@0.4.3 want: ^1.1.6
41 silly placeDep ROOT jszip@3.10.1 OK for: petdex@0.4.3 want: ^3.10.1
42 silly placeDep ROOT picocolors@1.1.1 OK for: petdex@0.4.3 want: ^1.1.1
43 silly fetch manifest fast-string-width@^3.0.2
44 silly packumentCache full:https://registry.npmmirror.com/fast-string-width cache-miss
45 silly fetch manifest fast-wrap-ansi@^0.2.0
46 silly packumentCache full:https://registry.npmmirror.com/fast-wrap-ansi cache-miss
47 silly fetch manifest sisteransi@^1.0.5
48 silly packumentCache full:https://registry.npmmirror.com/sisteransi cache-miss
49 silly fetch manifest @clack/core@1.4.1
50 silly packumentCache full:https://registry.npmmirror.com/@clack%2fcore cache-miss
51 silly fetch manifest @napi-rs/keyring-darwin-arm64@1.3.0
52 silly packumentCache full:https://registry.npmmirror.com/@napi-rs%2fkeyring-darwin-arm64 cache-miss
53 silly fetch manifest @napi-rs/keyring-linux-arm64-gnu@1.3.0
54 silly packumentCache full:https://registry.npmmirror.com/@napi-rs%2fkeyring-linux-arm64-gnu cache-miss
55 silly fetch manifest @napi-rs/keyring-linux-arm64-musl@1.3.0
56 silly packumentCache full:https://registry.npmmirror.com/@napi-rs%2fkeyring-linux-arm64-musl cache-miss
57 silly fetch manifest @napi-rs/keyring-win32-arm64-msvc@1.3.0
58 silly packumentCache full:https://registry.npmmirror.com/@napi-rs%2fkeyring-win32-arm64-msvc cache-miss
59 silly fetch manifest @napi-rs/keyring-darwin-x64@1.3.0
60 silly packumentCache full:https://registry.npmmirror.com/@napi-rs%2fkeyring-darwin-x64 cache-miss
61 silly fetch manifest @napi-rs/keyring-win32-x64-msvc@1.3.0
62 silly packumentCache full:https://registry.npmmirror.com/@napi-rs%2fkeyring-win32-x64-msvc cache-miss
63 silly fetch manifest @napi-rs/keyring-linux-x64-gnu@1.3.0
64 silly packumentCache full:https://registry.npmmirror.com/@napi-rs%2fkeyring-linux-x64-gnu cache-miss
65 silly fetch manifest @napi-rs/keyring-linux-x64-musl@1.3.0
66 silly packumentCache full:https://registry.npmmirror.com/@napi-rs%2fkeyring-linux-x64-musl cache-miss
67 silly fetch manifest @napi-rs/keyring-freebsd-x64@1.3.0
68 silly packumentCache full:https://registry.npmmirror.com/@napi-rs%2fkeyring-freebsd-x64 cache-miss
69 silly fetch manifest @napi-rs/keyring-win32-ia32-msvc@1.3.0
70 silly packumentCache full:https://registry.npmmirror.com/@napi-rs%2fkeyring-win32-ia32-msvc cache-miss
71 silly fetch manifest @napi-rs/keyring-linux-arm-gnueabihf@1.3.0
72 silly packumentCache full:https://registry.npmmirror.com/@napi-rs%2fkeyring-linux-arm-gnueabihf cache-miss
73 silly fetch manifest @napi-rs/keyring-linux-riscv64-gnu@1.3.0
74 silly packumentCache full:https://registry.npmmirror.com/@napi-rs%2fkeyring-linux-riscv64-gnu cache-miss
75 silly fetch manifest lie@~3.3.0
76 silly packumentCache full:https://registry.npmmirror.com/lie cache-miss
77 silly fetch manifest pako@~1.0.2
78 silly packumentCache full:https://registry.npmmirror.com/pako cache-miss
79 silly fetch manifest readable-stream@~2.3.6
80 silly packumentCache full:https://registry.npmmirror.com/readable-stream cache-miss
81 silly fetch manifest setimmediate@^1.0.5
82 silly packumentCache full:https://registry.npmmirror.com/setimmediate cache-miss
83 http cache https://registry.npmmirror.com/fast-string-width 27ms (cache hit)
84 silly packumentCache full:https://registry.npmmirror.com/fast-string-width set size:23903 disposed:false
85 http cache https://registry.npmmirror.com/fast-wrap-ansi 28ms (cache hit)
86 silly packumentCache full:https://registry.npmmirror.com/fast-wrap-ansi set size:19519 disposed:false
87 http cache https://registry.npmmirror.com/@napi-rs%2fkeyring-darwin-arm64 26ms (cache hit)
88 silly packumentCache full:https://registry.npmmirror.com/@napi-rs%2fkeyring-darwin-arm64 set size:34069 disposed:false
89 http cache https://registry.npmmirror.com/@napi-rs%2fkeyring-linux-arm64-musl 27ms (cache hit)
90 silly packumentCache full:https://registry.npmmirror.com/@napi-rs%2fkeyring-linux-arm64-musl set size:34741 disposed:false
91 http cache https://registry.npmmirror.com/@napi-rs%2fkeyring-darwin-x64 27ms (cache hit)
92 silly packumentCache full:https://registry.npmmirror.com/@napi-rs%2fkeyring-darwin-x64 set size:33829 disposed:false
93 http cache https://registry.npmmirror.com/sisteransi 29ms (cache hit)
94 silly packumentCache full:https://registry.npmmirror.com/sisteransi set size:16245 disposed:false
95 http cache https://registry.npmmirror.com/@napi-rs%2fkeyring-linux-x64-gnu 28ms (cache hit)
96 silly packumentCache full:https://registry.npmmirror.com/@napi-rs%2fkeyring-linux-x64-gnu set size:34415 disposed:false
97 http cache https://registry.npmmirror.com/@napi-rs%2fkeyring-linux-arm64-gnu 29ms (cache hit)
98 silly packumentCache full:https://registry.npmmirror.com/@napi-rs%2fkeyring-linux-arm64-gnu set size:34653 disposed:false
99 http cache https://registry.npmmirror.com/@napi-rs%2fkeyring-freebsd-x64 28ms (cache hit)
100 silly packumentCache full:https://registry.npmmirror.com/@napi-rs%2fkeyring-freebsd-x64 set size:33978 disposed:false
101 http cache https://registry.npmmirror.com/@napi-rs%2fkeyring-win32-x64-msvc 29ms (cache hit)
102 silly packumentCache full:https://registry.npmmirror.com/@napi-rs%2fkeyring-win32-x64-msvc set size:34236 disposed:false
103 http cache https://registry.npmmirror.com/@napi-rs%2fkeyring-win32-ia32-msvc 28ms (cache hit)
104 silly packumentCache full:https://registry.npmmirror.com/@napi-rs%2fkeyring-win32-ia32-msvc set size:34352 disposed:false
105 http cache https://registry.npmmirror.com/@napi-rs%2fkeyring-win32-arm64-msvc 30ms (cache hit)
106 silly packumentCache full:https://registry.npmmirror.com/@napi-rs%2fkeyring-win32-arm64-msvc set size:34473 disposed:false
107 http cache https://registry.npmmirror.com/@napi-rs%2fkeyring-linux-arm-gnueabihf 29ms (cache hit)
108 silly packumentCache full:https://registry.npmmirror.com/@napi-rs%2fkeyring-linux-arm-gnueabihf set size:34777 disposed:false
109 http cache https://registry.npmmirror.com/@clack%2fcore 33ms (cache hit)
110 silly packumentCache full:https://registry.npmmirror.com/@clack%2fcore set size:147028 disposed:false
111 http cache https://registry.npmmirror.com/@napi-rs%2fkeyring-linux-riscv64-gnu 31ms (cache hit)
112 silly packumentCache full:https://registry.npmmirror.com/@napi-rs%2fkeyring-linux-riscv64-gnu set size:15595 disposed:false
113 http cache https://registry.npmmirror.com/@napi-rs%2fkeyring-linux-x64-musl 33ms (cache hit)
114 silly packumentCache full:https://registry.npmmirror.com/@napi-rs%2fkeyring-linux-x64-musl set size:34506 disposed:false
115 http cache https://registry.npmmirror.com/pako 32ms (cache hit)
116 silly packumentCache full:https://registry.npmmirror.com/pako set size:76844 disposed:false
117 http cache https://registry.npmmirror.com/lie 34ms (cache hit)
118 silly packumentCache full:https://registry.npmmirror.com/lie set size:94023 disposed:false
119 http cache https://registry.npmmirror.com/setimmediate 35ms (cache hit)
120 silly packumentCache full:https://registry.npmmirror.com/setimmediate set size:17143 disposed:false
121 http cache https://registry.npmmirror.com/readable-stream 36ms (cache hit)
122 silly packumentCache full:https://registry.npmmirror.com/readable-stream set size:231868 disposed:false
123 silly placeDep ROOT @clack/core@1.4.1 OK for: @clack/prompts@1.5.1 want: 1.4.1
124 silly placeDep ROOT fast-string-width@3.0.2 OK for: @clack/prompts@1.5.1 want: ^3.0.2
125 silly placeDep ROOT fast-wrap-ansi@0.2.2 OK for: @clack/prompts@1.5.1 want: ^0.2.0
126 silly placeDep ROOT sisteransi@1.0.5 OK for: @clack/prompts@1.5.1 want: ^1.0.5
127 silly fetch manifest fast-string-truncated-width@^3.0.2
128 silly packumentCache full:https://registry.npmmirror.com/fast-string-truncated-width cache-miss
129 http cache https://registry.npmmirror.com/fast-string-truncated-width 3ms (cache hit)
130 silly packumentCache full:https://registry.npmmirror.com/fast-string-truncated-width set size:25277 disposed:false
131 silly placeDep ROOT @napi-rs/keyring-darwin-arm64@1.3.0 OK for: @napi-rs/keyring@1.3.0 want: 1.3.0
132 silly placeDep ROOT @napi-rs/keyring-darwin-x64@1.3.0 OK for: @napi-rs/keyring@1.3.0 want: 1.3.0
133 silly placeDep ROOT @napi-rs/keyring-freebsd-x64@1.3.0 OK for: @napi-rs/keyring@1.3.0 want: 1.3.0
134 silly placeDep ROOT @napi-rs/keyring-linux-arm-gnueabihf@1.3.0 OK for: @napi-rs/keyring@1.3.0 want: 1.3.0
135 silly placeDep ROOT @napi-rs/keyring-linux-arm64-gnu@1.3.0 OK for: @napi-rs/keyring@1.3.0 want: 1.3.0
136 silly placeDep ROOT @napi-rs/keyring-linux-arm64-musl@1.3.0 OK for: @napi-rs/keyring@1.3.0 want: 1.3.0
137 silly placeDep ROOT @napi-rs/keyring-linux-riscv64-gnu@1.3.0 OK for: @napi-rs/keyring@1.3.0 want: 1.3.0
138 silly placeDep ROOT @napi-rs/keyring-linux-x64-gnu@1.3.0 OK for: @napi-rs/keyring@1.3.0 want: 1.3.0
139 silly placeDep ROOT @napi-rs/keyring-linux-x64-musl@1.3.0 OK for: @napi-rs/keyring@1.3.0 want: 1.3.0
140 silly placeDep ROOT @napi-rs/keyring-win32-arm64-msvc@1.3.0 OK for: @napi-rs/keyring@1.3.0 want: 1.3.0
141 silly placeDep ROOT @napi-rs/keyring-win32-ia32-msvc@1.3.0 OK for: @napi-rs/keyring@1.3.0 want: 1.3.0
142 silly placeDep ROOT @napi-rs/keyring-win32-x64-msvc@1.3.0 OK for: @napi-rs/keyring@1.3.0 want: 1.3.0
143 silly placeDep ROOT fast-string-truncated-width@3.0.3 OK for: fast-string-width@3.0.2 want: ^3.0.2
144 silly placeDep ROOT lie@3.3.0 OK for: jszip@3.10.1 want: ~3.3.0
145 silly placeDep ROOT pako@1.0.11 OK for: jszip@3.10.1 want: ~1.0.2
146 silly placeDep ROOT readable-stream@2.3.8 OK for: jszip@3.10.1 want: ~2.3.6
147 silly placeDep ROOT setimmediate@1.0.5 OK for: jszip@3.10.1 want: ^1.0.5
148 silly fetch manifest immediate@~3.0.5
149 silly packumentCache full:https://registry.npmmirror.com/immediate cache-miss
150 silly fetch manifest core-util-is@~1.0.0
151 silly packumentCache full:https://registry.npmmirror.com/core-util-is cache-miss
152 silly fetch manifest inherits@~2.0.3
153 silly packumentCache full:https://registry.npmmirror.com/inherits cache-miss
154 silly fetch manifest isarray@~1.0.0
155 silly packumentCache full:https://registry.npmmirror.com/isarray cache-miss
156 silly fetch manifest process-nextick-args@~2.0.0
157 silly packumentCache full:https://registry.npmmirror.com/process-nextick-args cache-miss
158 silly fetch manifest safe-buffer@~5.1.1
159 silly packumentCache full:https://registry.npmmirror.com/safe-buffer cache-miss
160 silly fetch manifest string_decoder@~1.1.1
161 silly packumentCache full:https://registry.npmmirror.com/string_decoder cache-miss
162 silly fetch manifest util-deprecate@~1.0.1
163 silly packumentCache full:https://registry.npmmirror.com/util-deprecate cache-miss
164 http cache https://registry.npmmirror.com/inherits 8ms (cache hit)
165 silly packumentCache full:https://registry.npmmirror.com/inherits set size:11198 disposed:false
166 http cache https://registry.npmmirror.com/core-util-is 9ms (cache hit)
167 silly packumentCache full:https://registry.npmmirror.com/core-util-is set size:6134 disposed:false
168 http cache https://registry.npmmirror.com/isarray 10ms (cache hit)
169 silly packumentCache full:https://registry.npmmirror.com/isarray set size:16148 disposed:false
170 http cache https://registry.npmmirror.com/process-nextick-args 10ms (cache hit)
171 silly packumentCache full:https://registry.npmmirror.com/process-nextick-args set size:14354 disposed:false
172 http cache https://registry.npmmirror.com/safe-buffer 10ms (cache hit)
173 silly packumentCache full:https://registry.npmmirror.com/safe-buffer set size:38090 disposed:false
174 http cache https://registry.npmmirror.com/immediate 12ms (cache hit)
175 silly packumentCache full:https://registry.npmmirror.com/immediate set size:65547 disposed:false
176 http cache https://registry.npmmirror.com/string_decoder 12ms (cache hit)
177 silly packumentCache full:https://registry.npmmirror.com/string_decoder set size:24817 disposed:false
178 http cache https://registry.npmmirror.com/util-deprecate 13ms (cache hit)
179 silly packumentCache full:https://registry.npmmirror.com/util-deprecate set size:6659 disposed:false
180 silly placeDep ROOT immediate@3.0.6 OK for: lie@3.3.0 want: ~3.0.5
181 silly placeDep ROOT core-util-is@1.0.3 OK for: readable-stream@2.3.8 want: ~1.0.0
182 silly placeDep ROOT inherits@2.0.4 OK for: readable-stream@2.3.8 want: ~2.0.3
183 silly placeDep ROOT isarray@1.0.0 OK for: readable-stream@2.3.8 want: ~1.0.0
184 silly placeDep ROOT process-nextick-args@2.0.1 OK for: readable-stream@2.3.8 want: ~2.0.0
185 silly placeDep ROOT safe-buffer@5.1.2 OK for: readable-stream@2.3.8 want: ~5.1.1
186 silly placeDep ROOT string_decoder@1.1.1 OK for: readable-stream@2.3.8 want: ~1.1.1
187 silly placeDep ROOT util-deprecate@1.0.2 OK for: readable-stream@2.3.8 want: ~1.0.1
188 silly reify moves {}
189 silly audit bulk request {
189 silly audit   petdex: [ '0.4.3' ],
189 silly audit   '@clack/prompts': [ '1.5.1' ],
189 silly audit   '@napi-rs/keyring': [ '1.3.0' ],
189 silly audit   jszip: [ '3.10.1' ],
189 silly audit   picocolors: [ '1.1.1' ],
189 silly audit   '@clack/core': [ '1.4.1' ],
189 silly audit   'fast-string-width': [ '3.0.2' ],
189 silly audit   'fast-wrap-ansi': [ '0.2.2' ],
189 silly audit   sisteransi: [ '1.0.5' ],
189 silly audit   '@napi-rs/keyring-darwin-arm64': [ '1.3.0' ],
189 silly audit   '@napi-rs/keyring-darwin-x64': [ '1.3.0' ],
189 silly audit   '@napi-rs/keyring-freebsd-x64': [ '1.3.0' ],
189 silly audit   '@napi-rs/keyring-linux-arm-gnueabihf': [ '1.3.0' ],
189 silly audit   '@napi-rs/keyring-linux-arm64-gnu': [ '1.3.0' ],
189 silly audit   '@napi-rs/keyring-linux-arm64-musl': [ '1.3.0' ],
189 silly audit   '@napi-rs/keyring-linux-riscv64-gnu': [ '1.3.0' ],
189 silly audit   '@napi-rs/keyring-linux-x64-gnu': [ '1.3.0' ],
189 silly audit   '@napi-rs/keyring-linux-x64-musl': [ '1.3.0' ],
189 silly audit   '@napi-rs/keyring-win32-arm64-msvc': [ '1.3.0' ],
189 silly audit   '@napi-rs/keyring-win32-ia32-msvc': [ '1.3.0' ],
189 silly audit   '@napi-rs/keyring-win32-x64-msvc': [ '1.3.0' ],
189 silly audit   'fast-string-truncated-width': [ '3.0.3' ],
189 silly audit   lie: [ '3.3.0' ],
189 silly audit   pako: [ '1.0.11' ],
189 silly audit   'readable-stream': [ '2.3.8' ],
189 silly audit   setimmediate: [ '1.0.5' ],
189 silly audit   immediate: [ '3.0.6' ],
189 silly audit   'core-util-is': [ '1.0.3' ],
189 silly audit   inherits: [ '2.0.4' ],
189 silly audit   isarray: [ '1.0.0' ],
189 silly audit   'process-nextick-args': [ '2.0.1' ],
189 silly audit   'safe-buffer': [ '5.1.2' ],
189 silly audit   string_decoder: [ '1.1.1' ],
189 silly audit   'util-deprecate': [ '1.0.2' ]
189 silly audit }
190 http cache util-deprecate@https://registry.npmmirror.com/util-deprecate/-/util-deprecate-1.0.2.tgz 0ms (cache hit)
191 http cache string_decoder@https://registry.npmmirror.com/string_decoder/-/string_decoder-1.1.1.tgz 0ms (cache hit)
192 http cache safe-buffer@https://registry.npmmirror.com/safe-buffer/-/safe-buffer-5.1.2.tgz 0ms (cache hit)
193 http cache process-nextick-args@https://registry.npmmirror.com/process-nextick-args/-/process-nextick-args-2.0.1.tgz 0ms (cache hit)
194 http cache isarray@https://registry.npmmirror.com/isarray/-/isarray-1.0.0.tgz 0ms (cache hit)
195 http cache inherits@https://registry.npmmirror.com/inherits/-/inherits-2.0.4.tgz 0ms (cache hit)
196 http cache core-util-is@https://registry.npmmirror.com/core-util-is/-/core-util-is-1.0.3.tgz 0ms (cache hit)
197 http cache setimmediate@https://registry.npmmirror.com/setimmediate/-/setimmediate-1.0.5.tgz 0ms (cache hit)
198 http cache immediate@https://registry.npmmirror.com/immediate/-/immediate-3.0.6.tgz 0ms (cache hit)
199 http cache readable-stream@https://registry.npmmirror.com/readable-stream/-/readable-stream-2.3.8.tgz 0ms (cache hit)
200 http cache pako@https://registry.npmmirror.com/pako/-/pako-1.0.11.tgz 0ms (cache hit)
201 http cache @napi-rs/keyring-win32-x64-msvc@https://registry.npmmirror.com/@napi-rs/keyring-win32-x64-msvc/-/keyring-win32-x64-msvc-1.3.0.tgz 0ms (cache hit)
202 http cache fast-string-truncated-width@https://registry.npmmirror.com/fast-string-truncated-width/-/fast-string-truncated-width-3.0.3.tgz 0ms (cache hit)
203 http cache lie@https://registry.npmmirror.com/lie/-/lie-3.3.0.tgz 0ms (cache hit)
204 http cache @clack/core@https://registry.npmmirror.com/@clack/core/-/core-1.4.1.tgz 0ms (cache hit)
205 http cache sisteransi@https://registry.npmmirror.com/sisteransi/-/sisteransi-1.0.5.tgz 0ms (cache hit)
206 http cache @clack/prompts@https://registry.npmmirror.com/@clack/prompts/-/prompts-1.5.1.tgz 0ms (cache hit)
207 http cache fast-wrap-ansi@https://registry.npmmirror.com/fast-wrap-ansi/-/fast-wrap-ansi-0.2.2.tgz 0ms (cache hit)
208 http cache @napi-rs/keyring@https://registry.npmmirror.com/@napi-rs/keyring/-/keyring-1.3.0.tgz 0ms (cache hit)
209 http cache fast-string-width@https://registry.npmmirror.com/fast-string-width/-/fast-string-width-3.0.2.tgz 0ms (cache hit)
210 http cache jszip@https://registry.npmmirror.com/jszip/-/jszip-3.10.1.tgz 0ms (cache hit)
211 http cache picocolors@https://registry.npmmirror.com/picocolors/-/picocolors-1.1.1.tgz 0ms (cache hit)
212 http cache petdex@https://registry.npmmirror.com/petdex/-/petdex-0.4.3.tgz 0ms (cache hit)
213 http fetch POST 404 https://registry.npmmirror.com/-/npm/v1/security/advisories/bulk 15ms
214 verbose audit error HttpErrorGeneral: 404 Not Found - POST https://registry.npmmirror.com/-/npm/v1/security/advisories/bulk - [NOT_IMPLEMENTED] /-/npm/v1/security/* not implemented yet
214 verbose audit error     at D:\softwires\node\node_modules\npm\node_modules\npm-registry-fetch\lib\check-response.js:103:15
214 verbose audit error     at process.processTicksAndRejections (node:internal/process/task_queues:104:5)
214 verbose audit error     at async #getReport (D:\softwires\node\node_modules\npm\node_modules\@npmcli\arborist\lib\audit-report.js:275:19)
214 verbose audit error     at async AuditReport.run (D:\softwires\node\node_modules\npm\node_modules\@npmcli\arborist\lib\audit-report.js:100:19) {
214 verbose audit error   headers: [Object: null prototype] {
214 verbose audit error     server: [ 'Tengine' ],
214 verbose audit error     date: [ 'Tue, 16 Jun 2026 14:00:28 GMT' ],
214 verbose audit error     'content-type': [ 'application/json' ],
214 verbose audit error     'transfer-encoding': [ 'chunked' ],
214 verbose audit error     connection: [ 'keep-alive' ],
214 verbose audit error     'strict-transport-security': [ 'max-age=5184000' ],
214 verbose audit error     via: [ 'cache10.cn8985[,404666]' ],
214 verbose audit error     'timing-allow-origin': [ '*' ],
214 verbose audit error     eagleid: [ 'b6306c0f17816184283962796e' ],
214 verbose audit error     'x-fetch-attempts': [ '1' ]
214 verbose audit error   },
214 verbose audit error   statusCode: 404,
214 verbose audit error   code: 'E404',
214 verbose audit error   method: 'POST',
214 verbose audit error   uri: 'https://registry.npmmirror.com/-/npm/v1/security/advisories/bulk',
214 verbose audit error   body: {
214 verbose audit error     error: '[NOT_IMPLEMENTED] /-/npm/v1/security/* not implemented yet'
214 verbose audit error   },
214 verbose audit error   pkgid: undefined
214 verbose audit error }
215 silly audit error [object Object]
216 silly audit report null
217 verbose cwd D:\buaa_study\second_year_2\科研课堂\metatensor-main
218 verbose os Windows_NT 10.0.26200
219 verbose node v25.6.1
220 verbose npm  v11.9.0
221 verbose exit 0
222 info ok
